<?xml version="1.0" encoding="UTF-8"?>
<!-- Generated by org.testng.reporters.JUnitXMLReporter -->
<testsuite ignored="8" hostname="eps46-Epixel" failures="0" tests="1" name="Default test" time="38.499" errors="0" timestamp="2024-11-20T15:46:11 IST">
  <testcase classname="runner.Runner" name="ibo_registration" time="38.41"/>
  <testcase classname="runner.Runner" name="holingplacementchange" time="0.0">
    <ignored/>
  </testcase> <!-- holingplacementchange -->
  <testcase classname="runner.Runner" name="holdingtannochange" time="0.0">
    <ignored/>
  </testcase> <!-- holdingtannochange -->
  <testcase classname="runner.Runner" name="businessplan" time="0.0">
    <ignored/>
  </testcase> <!-- businessplan -->
  <testcase classname="runner.Runner" name="IBO_registration" time="0.0">
    <ignored/>
  </testcase> <!-- IBO_registration -->
  <testcase classname="runner.Runner" name="login_user" time="0.0">
    <ignored/>
  </testcase> <!-- login_user -->
  <testcase classname="runner.Runner" name="holdingsponsorchange" time="0.0">
    <ignored/>
  </testcase> <!-- holdingsponsorchange -->
  <testcase classname="runner.Runner" name="incomecenterschange" time="0.0">
    <ignored/>
  </testcase> <!-- incomecenterschange -->
  <testcase classname="runner.Runner" name="customer_registration" time="0.0">
    <ignored/>
  </testcase> <!-- customer_registration -->
</testsuite> <!-- Default test -->
