<?xml version="1.0" encoding="UTF-8"?>
<!-- Generated by org.testng.reporters.JUnitXMLReporter -->
<testsuite ignored="3" hostname="eps46-Epixel" failures="0" tests="1" name="Default test" time="34.67" errors="0" timestamp="2024-10-18T12:18:53 IST">
  <testcase classname="runner.Runner" name="IBO_registration" time="34.585"/>
  <testcase classname="runner.Runner" name="businessplan" time="0.0">
    <ignored/>
  </testcase> <!-- businessplan -->
  <testcase classname="runner.Runner" name="login_user" time="0.0">
    <ignored/>
  </testcase> <!-- login_user -->
  <testcase classname="runner.Runner" name="Customer_Registration" time="0.0">
    <ignored/>
  </testcase> <!-- Customer_Registration -->
</testsuite> <!-- Default test -->
