<?xml version="1.0" encoding="UTF-8"?>
<testng-results ignored="8" total="9" passed="1" failed="0" skipped="0">
  <reporter-output>
  </reporter-output>
  <suite started-at="2024-11-20T15:45:32 IST" name="Default suite" finished-at="2024-11-20T15:46:11 IST" duration-ms="38499">
    <groups>
    </groups>
    <test started-at="2024-11-20T15:45:32 IST" name="Default test" finished-at="2024-11-20T15:46:11 IST" duration-ms="38499">
      <class name="runner.Runner">
        <test-method signature="ibo_registration()[pri:0, instance:runner.Runner@48f278eb]" started-at="2024-11-20T15:45:32 IST" name="ibo_registration" finished-at="2024-11-20T15:46:11 IST" duration-ms="38410" status="PASS">
          <reporter-output>
          </reporter-output>
        </test-method> <!-- ibo_registration -->
      </class> <!-- runner.Runner -->
    </test> <!-- Default test -->
  </suite> <!-- Default suite -->
</testng-results>
