<?xml version="1.0" encoding="UTF-8"?>
<testng-results ignored="5" total="6" passed="1" failed="0" skipped="0">
  <reporter-output>
  </reporter-output>
  <suite started-at="2024-10-22T12:19:04 IST" name="Default suite" finished-at="2024-10-22T12:19:35 IST" duration-ms="30690">
    <groups>
    </groups>
    <test started-at="2024-10-22T12:19:04 IST" name="Default test" finished-at="2024-10-22T12:19:35 IST" duration-ms="30690">
      <class name="runner.Runner">
        <test-method signature="IBO_registration()[pri:1, instance:runner.Runner@3f6b0be5]" started-at="2024-10-22T12:19:05 IST" name="IBO_registration" finished-at="2024-10-22T12:19:35 IST" duration-ms="30576" status="PASS">
          <reporter-output>
          </reporter-output>
        </test-method> <!-- IBO_registration -->
      </class> <!-- runner.Runner -->
    </test> <!-- Default test -->
  </suite> <!-- Default suite -->
</testng-results>
